<?xml version="1.0" encoding="UTF-8"?>
<!-- Generated by org.testng.reporters.JUnitXMLReporter -->
<testsuite ignored="2" hostname="Aidays-MBP" failures="0" tests="0" time="0.001" errors="0" timestamp="2024-03-25T00:57:07 CDT">
  <testcase classname="org.aika.eCommerce_tc_2" name="errorMsg" time="0.0">
    <ignored/>
  </testcase> <!-- errorMsg -->
  <testcase classname="org.aika.eCommerce_tc_2" name="FillForm_PositiveFlow" time="0.0">
    <ignored/>
  </testcase> <!-- FillForm_PositiveFlow -->
</testsuite>
